2024-04-23 22:45:34,079 [ 204148]   INFO - #c.i.o.e.u.ExternalSystemUtil - External project [D:/APK/expirationdates] resolution task started
2024-04-23 22:45:34,085 [ 204154]   INFO - #com.android.tools.idea.gradle.project.sync.GradleSyncStateHolder$SyncStateUpdater - onStart(RESOLVE_PROJECT:1, D:/APK/expirationdates)
2024-04-23 22:45:34,085 [ 204154]   INFO - #com.android.tools.idea.gradle.project.sync.GradleSyncStateHolder$SyncStateUpdaterService - trackTask(RESOLVE_PROJECT:1, D:/APK/expirationdates)
2024-04-23 22:45:34,085 [ 204154]   INFO - #com.android.tools.idea.gradle.project.sync.GradleSyncStateHolder - Started (TRIGGER_USER_TRY_AGAIN) sync with Gradle for project 'expirationdates'.
2024-04-23 22:45:34,188 [ 204257]   INFO - #o.j.p.g.GradleManager - Instructing gradle to use java from C:\Program Files\Android\Android Studio\jbr
2024-04-23 22:45:34,190 [ 204259]   INFO - #o.j.p.g.GradleManager - Instructing gradle to use java from C:\Program Files\Android\Android Studio\jbr
2024-04-23 22:45:34,198 [ 204267]   INFO - #com.android.tools.idea.gradle.project.common.GradleInitScripts - init script file sync.studio.tooling contents "initscript {\n    dependencies {\n        classpath files([mapPath('C:/Program Files/Android/Android Studio/plugins/android/lib/android-gradle.jar'), mapPath('C:/Program Files/Android/Android Studio/plugins/android/lib/android-gradle.jar'), mapPath('C:/Program Files/Android/Android Studio/lib/util-8.jar')])\n    }\n}\nallprojects {\n    apply plugin: com.android.ide.gradle.model.builder.AndroidStudioToolingPlugin\n}\n"
2024-04-23 22:45:34,207 [ 204276]   INFO - #o.j.p.g.GradleManager - Instructing gradle to use java from C:\Program Files\Android\Android Studio\jbr
2024-04-23 22:45:34,219 [ 204288]   INFO - #o.j.p.g.s.e.GradleExecutionHelper - Passing command-line to Gradle Tooling API: --init-script C:\Users\volde\AppData\Local\Temp\ijMapper1.gradle -Didea.sync.active=true -Didea.resolveSourceSetDependencies=true -Porg.gradle.kotlin.dsl.provider.cid=1949475739650400 --init-script C:\Users\volde\AppData\Local\Temp\sync.studio.tooling1.gradle -Djava.awt.headless=true --continue --stacktrace -Pandroid.injected.build.model.only=true -Pandroid.injected.build.model.only.advanced=true -Pandroid.injected.invoked.from.ide=true -Pandroid.injected.build.model.only.versioned=3 -Pandroid.studio.version=232.10300.40.2321.11668458 -Pandroid.injected.build.model.disable.src.download=true -Pidea.gradle.do.not.build.tasks=false -Pandroid.injected.avoid.task.registration=false -Dorg.gradle.internal.GradleProjectBuilderOptions=omit_all_tasks -Pkotlin.mpp.enableIntransitiveMetadataConfiguration=true --init-script C:\Users\volde\AppData\Local\Temp\ijInit1.gradle -Didea.active=true -Didea.version=2023.2
2024-04-23 22:45:34,563 [ 204632]   INFO - #o.j.p.g.s.p.GradleProjectResolver - Gradle project resolve error
org.gradle.tooling.BuildActionFailureException: The supplied phased action failed with an exception.
	at org.gradle.tooling.internal.consumer.connection.PhasedActionAwareConsumerConnection.run(PhasedActionAwareConsumerConnection.java:58)
	at org.gradle.tooling.internal.consumer.connection.ParameterValidatingConsumerConnection.run(ParameterValidatingConsumerConnection.java:62)
	at org.gradle.tooling.internal.consumer.DefaultPhasedBuildActionExecuter$1.run(DefaultPhasedBuildActionExecuter.java:78)
	at org.gradle.tooling.internal.consumer.DefaultPhasedBuildActionExecuter$1.run(DefaultPhasedBuildActionExecuter.java:70)
	at org.gradle.tooling.internal.consumer.connection.LazyConsumerActionExecutor.run(LazyConsumerActionExecutor.java:143)
	at org.gradle.tooling.internal.consumer.connection.CancellableConsumerActionExecutor.run(CancellableConsumerActionExecutor.java:45)
	at org.gradle.tooling.internal.consumer.connection.ProgressLoggingConsumerActionExecutor.run(ProgressLoggingConsumerActionExecutor.java:61)
	at org.gradle.tooling.internal.consumer.connection.RethrowingErrorsConsumerActionExecutor.run(RethrowingErrorsConsumerActionExecutor.java:38)
	at org.gradle.tooling.internal.consumer.async.DefaultAsyncConsumerActionExecutor$1$1.run(DefaultAsyncConsumerActionExecutor.java:67)
	at org.gradle.internal.concurrent.ExecutorPolicy$CatchAndRecordFailures.onExecute(ExecutorPolicy.java:64)
	at org.gradle.internal.concurrent.AbstractManagedExecutor$1.run(AbstractManagedExecutor.java:47)
	at java.base/java.util.concurrent.ThreadPoolExecutor.runWorker(ThreadPoolExecutor.java:1136)
	at java.base/java.util.concurrent.ThreadPoolExecutor$Worker.run(ThreadPoolExecutor.java:635)
	at java.base/java.lang.Thread.run(Thread.java:840)
Caused by: org.gradle.api.InvalidUserDataException: Invalid catalog definition:
  - Problem: In version catalog libs, you can only call the 'from' method a single time.
    
    Reason: The method was called more than once.
    
    Possible solution: Remove further usages of the method call.
    
    For more information, please refer to https://docs.gradle.org/8.4/userguide/version_catalog_problems.html#too_many_import_invocation in the Gradle documentation.
	at org.gradle.api.internal.catalog.problems.DefaultCatalogProblemBuilder.throwErrorWithNewProblemsApi(DefaultCatalogProblemBuilder.java:56)
	at org.gradle.api.internal.catalog.DefaultVersionCatalogBuilder.throwVersionCatalogProblemException(DefaultVersionCatalogBuilder.java:181)
	at org.gradle.api.internal.catalog.DefaultVersionCatalogBuilder.from(DefaultVersionCatalogBuilder.java:286)
	at org.gradle.configuration.BuildTreePreparingProjectsPreparer.lambda$generateDependenciesAccessorsAndAssignPluginVersions$0(BuildTreePreparingProjectsPreparer.java:89)
	at org.gradle.internal.management.DefaultDependencyResolutionManagement.versionCatalogs(DefaultDependencyResolutionManagement.java:136)
	at org.gradle.configuration.BuildTreePreparingProjectsPreparer.generateDependenciesAccessorsAndAssignPluginVersions(BuildTreePreparingProjectsPreparer.java:84)
	at org.gradle.configuration.BuildTreePreparingProjectsPreparer.prepareProjects(BuildTreePreparingProjectsPreparer.java:55)
	at org.gradle.configuration.BuildOperationFiringProjectsPreparer$ConfigureBuild.run(BuildOperationFiringProjectsPreparer.java:52)
	at org.gradle.internal.operations.DefaultBuildOperationRunner$1.execute(DefaultBuildOperationRunner.java:29)
	at org.gradle.internal.operations.DefaultBuildOperationRunner$1.execute(DefaultBuildOperationRunner.java:26)
	at org.gradle.internal.operations.DefaultBuildOperationRunner$2.execute(DefaultBuildOperationRunner.java:66)
	at org.gradle.internal.operations.DefaultBuildOperationRunner$2.execute(DefaultBuildOperationRunner.java:59)
	at org.gradle.internal.operations.DefaultBuildOperationRunner.execute(DefaultBuildOperationRunner.java:157)
	at org.gradle.internal.operations.DefaultBuildOperationRunner.execute(DefaultBuildOperationRunner.java:59)
	at org.gradle.internal.operations.DefaultBuildOperationRunner.run(DefaultBuildOperationRunner.java:47)
	at org.gradle.internal.operations.DefaultBuildOperationExecutor.run(DefaultBuildOperationExecutor.java:73)
	at org.gradle.configuration.BuildOperationFiringProjectsPreparer.prepareProjects(BuildOperationFiringProjectsPreparer.java:40)
	at org.gradle.initialization.VintageBuildModelController.lambda$prepareProjects$2(VintageBuildModelController.java:84)
	at org.gradle.internal.model.StateTransitionController.lambda$doTransition$14(StateTransitionController.java:255)
	at org.gradle.internal.model.StateTransitionController.doTransition(StateTransitionController.java:266)
	at org.gradle.internal.model.StateTransitionController.doTransition(StateTransitionController.java:254)
	at org.gradle.internal.model.StateTransitionController.lambda$transitionIfNotPreviously$11(StateTransitionController.java:213)
	at org.gradle.internal.work.DefaultSynchronizer.withLock(DefaultSynchronizer.java:34)
	at org.gradle.internal.model.StateTransitionController.transitionIfNotPreviously(StateTransitionController.java:209)
	at org.gradle.initialization.VintageBuildModelController.prepareProjects(VintageBuildModelController.java:84)
	at org.gradle.initialization.VintageBuildModelController.getConfiguredModel(VintageBuildModelController.java:64)
	at org.gradle.internal.build.DefaultBuildLifecycleController.lambda$withProjectsConfigured$1(DefaultBuildLifecycleController.java:133)
	at org.gradle.internal.model.StateTransitionController.lambda$notInState$3(StateTransitionController.java:132)
	at org.gradle.internal.work.DefaultSynchronizer.withLock(DefaultSynchronizer.java:44)
	at org.gradle.internal.model.StateTransitionController.notInState(StateTransitionController.java:128)
	at org.gradle.internal.build.DefaultBuildLifecycleController.withProjectsConfigured(DefaultBuildLifecycleController.java:133)
	at org.gradle.internal.build.DefaultBuildToolingModelController.locateBuilderForTarget(DefaultBuildToolingModelController.java:57)
	at org.gradle.internal.buildtree.DefaultBuildTreeModelCreator$DefaultBuildTreeModelController.lambda$locateBuilderForTarget$0(DefaultBuildTreeModelCreator.java:73)
	at org.gradle.internal.build.DefaultBuildLifecycleController.withToolingModels(DefaultBuildLifecycleController.java:327)
	at org.gradle.internal.build.AbstractBuildState.withToolingModels(AbstractBuildState.java:140)
	at org.gradle.internal.buildtree.DefaultBuildTreeModelCreator$DefaultBuildTreeModelController.locateBuilderForTarget(DefaultBuildTreeModelCreator.java:73)
	at org.gradle.internal.buildtree.DefaultBuildTreeModelCreator$DefaultBuildTreeModelController.locateBuilderForDefaultTarget(DefaultBuildTreeModelCreator.java:68)
	at org.gradle.tooling.internal.provider.runner.DefaultBuildController.getTarget(DefaultBuildController.java:157)
	at org.gradle.tooling.internal.provider.runner.DefaultBuildController.getModel(DefaultBuildController.java:101)
	at org.gradle.tooling.internal.consumer.connection.ParameterAwareBuildControllerAdapter.getModel(ParameterAwareBuildControllerAdapter.java:39)
	at org.gradle.tooling.internal.consumer.connection.UnparameterizedBuildController.getModel(UnparameterizedBuildController.java:113)
	at org.gradle.tooling.internal.consumer.connection.NestedActionAwareBuildControllerAdapter.getModel(NestedActionAwareBuildControllerAdapter.java:31)
	at org.gradle.tooling.internal.consumer.connection.UnparameterizedBuildController.findModel(UnparameterizedBuildController.java:97)
	at org.gradle.tooling.internal.consumer.connection.NestedActionAwareBuildControllerAdapter.findModel(NestedActionAwareBuildControllerAdapter.java:31)
	at org.gradle.tooling.internal.consumer.connection.UnparameterizedBuildController.findModel(UnparameterizedBuildController.java:81)
	at org.gradle.tooling.internal.consumer.connection.NestedActionAwareBuildControllerAdapter.findModel(NestedActionAwareBuildControllerAdapter.java:31)
	at org.gradle.tooling.internal.consumer.connection.UnparameterizedBuildController.findModel(UnparameterizedBuildController.java:66)
	at org.gradle.tooling.internal.consumer.connection.NestedActionAwareBuildControllerAdapter.findModel(NestedActionAwareBuildControllerAdapter.java:31)
	at org.jetbrains.plugins.gradle.model.ProjectImportAction.execute(ProjectImportAction.java:126)
	at org.jetbrains.plugins.gradle.model.ProjectImportAction.execute(ProjectImportAction.java:43)
	at org.gradle.tooling.internal.consumer.connection.InternalBuildActionAdapter.execute(InternalBuildActionAdapter.java:64)
	at org.gradle.tooling.internal.provider.runner.AbstractClientProvidedBuildActionRunner$ActionAdapter.runAction(AbstractClientProvidedBuildActionRunner.java:131)
	at org.gradle.tooling.internal.provider.runner.AbstractClientProvidedBuildActionRunner$ActionAdapter.beforeTasks(AbstractClientProvidedBuildActionRunner.java:99)
	at org.gradle.internal.buildtree.DefaultBuildTreeModelCreator.beforeTasks(DefaultBuildTreeModelCreator.java:52)
	at org.gradle.internal.buildtree.DefaultBuildTreeLifecycleController.lambda$fromBuildModel$2(DefaultBuildTreeLifecycleController.java:74)
	at org.gradle.internal.buildtree.DefaultBuildTreeLifecycleController.lambda$runBuild$4(DefaultBuildTreeLifecycleController.java:98)
	at org.gradle.internal.model.StateTransitionController.lambda$transition$6(StateTransitionController.java:169)
	at org.gradle.internal.model.StateTransitionController.doTransition(StateTransitionController.java:266)
	at org.gradle.internal.model.StateTransitionController.lambda$transition$7(StateTransitionController.java:169)
	at org.gradle.internal.work.DefaultSynchronizer.withLock(DefaultSynchronizer.java:44)
	at org.gradle.internal.model.StateTransitionController.transition(StateTransitionController.java:169)
	at org.gradle.internal.buildtree.DefaultBuildTreeLifecycleController.runBuild(DefaultBuildTreeLifecycleController.java:95)
	at org.gradle.internal.buildtree.DefaultBuildTreeLifecycleController.fromBuildModel(DefaultBuildTreeLifecycleController.java:73)
	at org.gradle.tooling.internal.provider.runner.AbstractClientProvidedBuildActionRunner.runClientAction(AbstractClientProvidedBuildActionRunner.java:43)
	at org.gradle.tooling.internal.provider.runner.ClientProvidedPhasedActionRunner.run(ClientProvidedPhasedActionRunner.java:53)
	at org.gradle.launcher.exec.ChainingBuildActionRunner.run(ChainingBuildActionRunner.java:35)
	at org.gradle.internal.buildtree.ProblemReportingBuildActionRunner.run(ProblemReportingBuildActionRunner.java:49)
	at org.gradle.launcher.exec.BuildOutcomeReportingBuildActionRunner.run(BuildOutcomeReportingBuildActionRunner.java:65)
	at org.gradle.tooling.internal.provider.FileSystemWatchingBuildActionRunner.run(FileSystemWatchingBuildActionRunner.java:140)
	at org.gradle.launcher.exec.BuildCompletionNotifyingBuildActionRunner.run(BuildCompletionNotifyingBuildActionRunner.java:41)
	at org.gradle.launcher.exec.RootBuildLifecycleBuildActionExecutor.lambda$execute$0(RootBuildLifecycleBuildActionExecutor.java:40)
	at org.gradle.composite.internal.DefaultRootBuildState.run(DefaultRootBuildState.java:123)
	at org.gradle.launcher.exec.RootBuildLifecycleBuildActionExecutor.execute(RootBuildLifecycleBuildActionExecutor.java:40)
	at org.gradle.internal.buildtree.InitDeprecationLoggingActionExecutor.execute(InitDeprecationLoggingActionExecutor.java:62)
	at org.gradle.internal.buildtree.InitProblems.execute(InitProblems.java:38)
	at org.gradle.internal.buildtree.DefaultBuildTreeContext.execute(DefaultBuildTreeContext.java:40)
	at org.gradle.launcher.exec.BuildTreeLifecycleBuildActionExecutor.lambda$execute$0(BuildTreeLifecycleBuildActionExecutor.java:65)
	at org.gradle.internal.buildtree.BuildTreeState.run(BuildTreeState.java:58)
	at org.gradle.launcher.exec.BuildTreeLifecycleBuildActionExecutor.execute(BuildTreeLifecycleBuildActionExecutor.java:65)
	at org.gradle.launcher.exec.RunAsBuildOperationBuildActionExecutor$3.call(RunAsBuildOperationBuildActionExecutor.java:61)
	at org.gradle.launcher.exec.RunAsBuildOperationBuildActionExecutor$3.call(RunAsBuildOperationBuildActionExecutor.java:57)
	at org.gradle.internal.operations.DefaultBuildOperationRunner$CallableBuildOperationWorker.execute(DefaultBuildOperationRunner.java:204)
	at org.gradle.internal.operations.DefaultBuildOperationRunner$CallableBuildOperationWorker.execute(DefaultBuildOperationRunner.java:199)
	at org.gradle.internal.operations.DefaultBuildOperationRunner$2.execute(DefaultBuildOperationRunner.java:66)
	at org.gradle.internal.operations.DefaultBuildOperationRunner$2.execute(DefaultBuildOperationRunner.java:59)
	at org.gradle.internal.operations.DefaultBuildOperationRunner.execute(DefaultBuildOperationRunner.java:157)
	at org.gradle.internal.operations.DefaultBuildOperationRunner.execute(DefaultBuildOperationRunner.java:59)
	at org.gradle.internal.operations.DefaultBuildOperationRunner.call(DefaultBuildOperationRunner.java:53)
	at org.gradle.internal.operations.DefaultBuildOperationExecutor.call(DefaultBuildOperationExecutor.java:78)
	at org.gradle.launcher.exec.RunAsBuildOperationBuildActionExecutor.execute(RunAsBuildOperationBuildActionExecutor.java:57)
	at org.gradle.launcher.exec.RunAsWorkerThreadBuildActionExecutor.lambda$execute$0(RunAsWorkerThreadBuildActionExecutor.java:36)
	at org.gradle.internal.work.DefaultWorkerLeaseService.withLocks(DefaultWorkerLeaseService.java:264)
	at org.gradle.internal.work.DefaultWorkerLeaseService.runAsWorkerThread(DefaultWorkerLeaseService.java:128)
	at org.gradle.launcher.exec.RunAsWorkerThreadBuildActionExecutor.execute(RunAsWorkerThreadBuildActionExecutor.java:36)
	at org.gradle.tooling.internal.provider.continuous.ContinuousBuildActionExecutor.execute(ContinuousBuildActionExecutor.java:110)
	at org.gradle.tooling.internal.provider.SubscribableBuildActionExecutor.execute(SubscribableBuildActionExecutor.java:64)
	at org.gradle.internal.session.DefaultBuildSessionContext.execute(DefaultBuildSessionContext.java:46)
	at org.gradle.tooling.internal.provider.BuildSessionLifecycleBuildActionExecuter$ActionImpl.apply(BuildSessionLifecycleBuildActionExecuter.java:92)
	at org.gradle.tooling.internal.provider.BuildSessionLifecycleBuildActionExecuter$ActionImpl.apply(BuildSessionLifecycleBuildActionExecuter.java:80)
	at org.gradle.internal.session.BuildSessionState.run(BuildSessionState.java:69)
	at org.gradle.tooling.internal.provider.BuildSessionLifecycleBuildActionExecuter.execute(BuildSessionLifecycleBuildActionExecuter.java:62)
	at org.gradle.tooling.internal.provider.BuildSessionLifecycleBuildActionExecuter.execute(BuildSessionLifecycleBuildActionExecuter.java:41)
	at org.gradle.tooling.internal.provider.StartParamsValidatingActionExecuter.execute(StartParamsValidatingActionExecuter.java:64)
	at org.gradle.tooling.internal.provider.StartParamsValidatingActionExecuter.execute(StartParamsValidatingActionExecuter.java:32)
	at org.gradle.tooling.internal.provider.SessionFailureReportingActionExecuter.execute(SessionFailureReportingActionExecuter.java:51)
	at org.gradle.tooling.internal.provider.SessionFailureReportingActionExecuter.execute(SessionFailureReportingActionExecuter.java:39)
	at org.gradle.tooling.internal.provider.SetupLoggingActionExecuter.execute(SetupLoggingActionExecuter.java:47)
	at org.gradle.tooling.internal.provider.SetupLoggingActionExecuter.execute(SetupLoggingActionExecuter.java:31)
	at org.gradle.launcher.daemon.server.exec.ExecuteBuild.doBuild(ExecuteBuild.java:65)
	at org.gradle.launcher.daemon.server.exec.BuildCommandOnly.execute(BuildCommandOnly.java:37)
	at org.gradle.launcher.daemon.server.api.DaemonCommandExecution.proceed(DaemonCommandExecution.java:104)
	at org.gradle.launcher.daemon.server.exec.WatchForDisconnection.execute(WatchForDisconnection.java:39)
	at org.gradle.launcher.daemon.server.api.DaemonCommandExecution.proceed(DaemonCommandExecution.java:104)
	at org.gradle.launcher.daemon.server.exec.ResetDeprecationLogger.execute(ResetDeprecationLogger.java:29)
	at org.gradle.launcher.daemon.server.api.DaemonCommandExecution.proceed(DaemonCommandExecution.java:104)
	at org.gradle.launcher.daemon.server.exec.RequestStopIfSingleUsedDaemon.execute(RequestStopIfSingleUsedDaemon.java:35)
	at org.gradle.launcher.daemon.server.api.DaemonCommandExecution.proceed(DaemonCommandExecution.java:104)
	at org.gradle.launcher.daemon.server.exec.ForwardClientInput$2.create(ForwardClientInput.java:78)
	at org.gradle.launcher.daemon.server.exec.ForwardClientInput$2.create(ForwardClientInput.java:75)
	at org.gradle.util.internal.Swapper.swap(Swapper.java:38)
	at org.gradle.launcher.daemon.server.exec.ForwardClientInput.execute(ForwardClientInput.java:75)
	at org.gradle.launcher.daemon.server.api.DaemonCommandExecution.proceed(DaemonCommandExecution.java:104)
	at org.gradle.launcher.daemon.server.exec.LogAndCheckHealth.execute(LogAndCheckHealth.java:64)
	at org.gradle.launcher.daemon.server.api.DaemonCommandExecution.proceed(DaemonCommandExecution.java:104)
	at org.gradle.launcher.daemon.server.exec.LogToClient.doBuild(LogToClient.java:63)
	at org.gradle.launcher.daemon.server.exec.BuildCommandOnly.execute(BuildCommandOnly.java:37)
	at org.gradle.launcher.daemon.server.api.DaemonCommandExecution.proceed(DaemonCommandExecution.java:104)
	at org.gradle.launcher.daemon.server.exec.EstablishBuildEnvironment.doBuild(EstablishBuildEnvironment.java:84)
	at org.gradle.launcher.daemon.server.exec.BuildCommandOnly.execute(BuildCommandOnly.java:37)
	at org.gradle.launcher.daemon.server.api.DaemonCommandExecution.proceed(DaemonCommandExecution.java:104)
	at org.gradle.launcher.daemon.server.exec.StartBuildOrRespondWithBusy$1.run(StartBuildOrRespondWithBusy.java:52)
	at org.gradle.launcher.daemon.server.DaemonStateCoordinator$1.run(DaemonStateCoordinator.java:297)
	at org.gradle.internal.concurrent.ExecutorPolicy$CatchAndRecordFailures.onExecute(ExecutorPolicy.java:64)
	at org.gradle.internal.concurrent.AbstractManagedExecutor$1.run(AbstractManagedExecutor.java:47)
2024-04-23 22:45:34,583 [ 204652]   INFO - #com.android.tools.idea.gradle.project.sync.GradleSyncStateHolder$SyncStateUpdater - onFailure(RESOLVE_PROJECT:1, com.intellij.openapi.externalSystem.model.ExternalSystemException: Invalid catalog definition:
  - Problem: In version catalog libs, you can only call the 'from' method a single time.
    
    Reason: The method was called more than once.
    
    Possible solution: Remove further usages of the method call.
    
    For more information, please refer to https://docs.gradle.org/8.4/userguide/version_catalog_problems.html#too_many_import_invocation in the Gradle documentation.)
2024-04-23 22:45:34,583 [ 204652]   INFO - #com.android.tools.idea.gradle.project.sync.GradleSyncStateHolder$SyncStateUpdaterService - stopTrackingTask(RESOLVE_PROJECT:1)
2024-04-23 22:45:34,583 [ 204652]   WARN - #com.android.tools.idea.gradle.project.sync.GradleSyncStateHolder - Gradle sync failed in 498 ms. Invalid catalog definition:
  - Problem: In version catalog libs, you can only call the 'from' method a single time.
    
    Reason: The method was called more than once.
    
    Possible solution: Remove further usages of the method call.
    
    For more information, please refer to https://docs.gradle.org/8.4/userguide/version_catalog_problems.html#too_many_import_invocation in the Gradle documentation.
2024-04-23 22:45:34,584 [ 204653]   WARN - #com.android.tools.idea.gradle.project.sync.GradleSyncStateHolder - Invalid catalog definition:
  - Problem: In version catalog libs, you can only call the 'from' method a single time.
    
    Reason: The method was called more than once.
    
    Possible solution: Remove further usages of the method call.
    
    For more information, please refer to https://docs.gradle.org/8.4/userguide/version_catalog_problems.html#too_many_import_invocation in the Gradle documentation.
com.intellij.openapi.externalSystem.model.ExternalSystemException: Invalid catalog definition:
  - Problem: In version catalog libs, you can only call the 'from' method a single time.
    
    Reason: The method was called more than once.
    
    Possible solution: Remove further usages of the method call.
    
    For more information, please refer to https://docs.gradle.org/8.4/userguide/version_catalog_problems.html#too_many_import_invocation in the Gradle documentation.
	at org.jetbrains.plugins.gradle.service.execution.GradleExecutionErrorHandler.createUserFriendlyError(GradleExecutionErrorHandler.java:197)
	at org.jetbrains.plugins.gradle.service.project.AbstractProjectImportErrorHandler.createUserFriendlyError(AbstractProjectImportErrorHandler.java:46)
	at org.jetbrains.plugins.gradle.service.project.BaseProjectImportErrorHandler.doGetUserFriendlyError(BaseProjectImportErrorHandler.java:167)
	at org.jetbrains.plugins.gradle.service.project.BaseProjectImportErrorHandler.getUserFriendlyError(BaseProjectImportErrorHandler.java:48)
	at org.jetbrains.plugins.gradle.service.project.BaseProjectImportErrorHandler.checkErrorsWithoutQuickFixes(BaseProjectImportErrorHandler.java:62)
	at org.jetbrains.plugins.gradle.service.project.GradleProjectResolver$1.getUserFriendlyError(GradleProjectResolver.java:956)
	at org.jetbrains.plugins.gradle.service.project.GradleProjectResolver$ProjectConnectionDataNodeFunction.fun(GradleProjectResolver.java:884)
	at org.jetbrains.plugins.gradle.service.project.GradleProjectResolver$ProjectConnectionDataNodeFunction.fun(GradleProjectResolver.java:850)
	at org.jetbrains.plugins.gradle.service.execution.GradleExecutionHelper.lambda$execute$0(GradleExecutionHelper.java:144)
	at org.jetbrains.plugins.gradle.service.execution.GradleExecutionHelper.maybeFixSystemProperties(GradleExecutionHelper.java:170)
	at org.jetbrains.plugins.gradle.service.execution.GradleExecutionHelper.lambda$execute$1(GradleExecutionHelper.java:144)
	at org.jetbrains.plugins.gradle.GradleConnectorService$Companion.withGradleConnection(GradleConnectorService.kt:187)
	at org.jetbrains.plugins.gradle.GradleConnectorService.withGradleConnection(GradleConnectorService.kt)
	at org.jetbrains.plugins.gradle.service.execution.GradleExecutionHelper.execute(GradleExecutionHelper.java:140)
	at org.jetbrains.plugins.gradle.service.project.GradleProjectResolver.resolveProjectInfo(GradleProjectResolver.java:164)
	at org.jetbrains.plugins.gradle.service.project.GradleProjectResolver.resolveProjectInfo(GradleProjectResolver.java:78)
	at com.intellij.openapi.externalSystem.service.remote.RemoteExternalSystemProjectResolverImpl.lambda$resolveProjectInfo$0(RemoteExternalSystemProjectResolverImpl.java:35)
	at com.intellij.openapi.externalSystem.service.remote.AbstractRemoteExternalSystemService.execute(AbstractRemoteExternalSystemService.java:40)
	at com.intellij.openapi.externalSystem.service.remote.RemoteExternalSystemProjectResolverImpl.resolveProjectInfo(RemoteExternalSystemProjectResolverImpl.java:34)
	at com.intellij.openapi.externalSystem.service.remote.wrapper.ExternalSystemProjectResolverWrapper.resolveProjectInfo(ExternalSystemProjectResolverWrapper.java:46)
	at com.intellij.openapi.externalSystem.service.internal.ExternalSystemResolveProjectTask.lambda$pauseIndexingAndResolveProjectNode$0(ExternalSystemResolveProjectTask.java:158)
	at com.intellij.openapi.project.MergingQueueGuiSuspender.suspendAndRun(MergingQueueGuiSuspender.kt:20)
	at com.intellij.openapi.project.MergingQueueGuiExecutor.suspendAndRun(MergingQueueGuiExecutor.kt:268)
	at com.intellij.openapi.project.DumbServiceImpl.suspendIndexingAndRun(DumbServiceImpl.kt:161)
	at com.intellij.openapi.project.UnindexedFilesScannerExecutor.suspendScanningAndIndexingThenRun$lambda$0(UnindexedFilesScannerExecutor.kt:94)
	at com.intellij.openapi.project.MergingQueueGuiSuspender.suspendAndRun(MergingQueueGuiSuspender.kt:20)
	at com.intellij.openapi.project.MergingQueueGuiExecutor.suspendAndRun(MergingQueueGuiExecutor.kt:268)
	at com.intellij.openapi.project.UnindexedFilesScannerExecutor.suspendScanningAndIndexingThenRun(UnindexedFilesScannerExecutor.kt:94)
	at com.intellij.openapi.externalSystem.service.internal.ExternalSystemResolveProjectTask.pauseIndexingAndResolveProjectNode(ExternalSystemResolveProjectTask.java:156)
	at com.intellij.openapi.externalSystem.service.internal.ExternalSystemResolveProjectTask.doExecute(ExternalSystemResolveProjectTask.java:123)
	at com.intellij.openapi.externalSystem.service.internal.AbstractExternalSystemTask.execute(AbstractExternalSystemTask.java:149)
	at com.intellij.openapi.externalSystem.service.internal.AbstractExternalSystemTask.execute(AbstractExternalSystemTask.java:133)
	at com.intellij.openapi.externalSystem.util.ExternalSystemUtil.executeSync(ExternalSystemUtil.java:464)
	at com.intellij.openapi.externalSystem.util.ExternalSystemUtil$2.execute(ExternalSystemUtil.java:325)
	at com.intellij.openapi.externalSystem.util.ExternalSystemTaskUnderProgress$2.run(ExternalSystemTaskUnderProgress.java:53)
	at com.intellij.openapi.progress.impl.CoreProgressManager.startTask(CoreProgressManager.java:428)
	at com.intellij.openapi.progress.impl.ProgressManagerImpl.startTask(ProgressManagerImpl.java:115)
	at com.intellij.openapi.progress.impl.CoreProgressManager.lambda$runProcessWithProgressAsynchronously$6(CoreProgressManager.java:478)
	at com.intellij.openapi.progress.impl.ProgressRunner.lambda$submit$4(ProgressRunner.java:251)
	at com.intellij.openapi.progress.ProgressManager.lambda$runProcess$0(ProgressManager.java:71)
	at com.intellij.openapi.progress.impl.CoreProgressManager.lambda$runProcess$2(CoreProgressManager.java:186)
	at com.intellij.openapi.progress.impl.CoreProgressManager.lambda$executeProcessUnderProgress$13(CoreProgressManager.java:604)
	at com.intellij.openapi.progress.impl.CoreProgressManager.registerIndicatorAndRun(CoreProgressManager.java:679)
	at com.intellij.openapi.progress.impl.CoreProgressManager.computeUnderProgress(CoreProgressManager.java:635)
	at com.intellij.openapi.progress.impl.CoreProgressManager.executeProcessUnderProgress(CoreProgressManager.java:603)
	at com.intellij.openapi.progress.impl.ProgressManagerImpl.executeProcessUnderProgress(ProgressManagerImpl.java:61)
	at com.intellij.openapi.progress.impl.CoreProgressManager.runProcess(CoreProgressManager.java:173)
	at com.intellij.openapi.progress.ProgressManager.runProcess(ProgressManager.java:71)
	at com.intellij.openapi.progress.impl.ProgressRunner.lambda$submit$5(ProgressRunner.java:251)
	at com.intellij.openapi.progress.impl.ProgressRunner.lambda$launchTask$18(ProgressRunner.java:465)
	at java.base/java.util.concurrent.ThreadPoolExecutor.runWorker(ThreadPoolExecutor.java:1136)
	at java.base/java.util.concurrent.ThreadPoolExecutor$Worker.run(ThreadPoolExecutor.java:635)
	at java.base/java.util.concurrent.Executors$PrivilegedThreadFactory$1$1.run(Executors.java:702)
	at java.base/java.util.concurrent.Executors$PrivilegedThreadFactory$1$1.run(Executors.java:699)
	at java.base/java.security.AccessController.doPrivileged(AccessController.java:399)
	at java.base/java.util.concurrent.Executors$PrivilegedThreadFactory$1.run(Executors.java:699)
	at java.base/java.lang.Thread.run(Thread.java:840)
Caused by: org.gradle.api.InvalidUserDataException: Invalid catalog definition:
  - Problem: In version catalog libs, you can only call the 'from' method a single time.
    
    Reason: The method was called more than once.
    
    Possible solution: Remove further usages of the method call.
    
    For more information, please refer to https://docs.gradle.org/8.4/userguide/version_catalog_problems.html#too_many_import_invocation in the Gradle documentation.
	at org.gradle.api.internal.catalog.problems.DefaultCatalogProblemBuilder.throwErrorWithNewProblemsApi(DefaultCatalogProblemBuilder.java:56)
	at org.gradle.api.internal.catalog.DefaultVersionCatalogBuilder.throwVersionCatalogProblemException(DefaultVersionCatalogBuilder.java:181)
	at org.gradle.api.internal.catalog.DefaultVersionCatalogBuilder.from(DefaultVersionCatalogBuilder.java:286)
	at org.gradle.configuration.BuildTreePreparingProjectsPreparer.lambda$generateDependenciesAccessorsAndAssignPluginVersions$0(BuildTreePreparingProjectsPreparer.java:89)
	at org.gradle.internal.management.DefaultDependencyResolutionManagement.versionCatalogs(DefaultDependencyResolutionManagement.java:136)
	at org.gradle.configuration.BuildTreePreparingProjectsPreparer.generateDependenciesAccessorsAndAssignPluginVersions(BuildTreePreparingProjectsPreparer.java:84)
	at org.gradle.configuration.BuildTreePreparingProjectsPreparer.prepareProjects(BuildTreePreparingProjectsPreparer.java:55)
	at org.gradle.configuration.BuildOperationFiringProjectsPreparer$ConfigureBuild.run(BuildOperationFiringProjectsPreparer.java:52)
	at org.gradle.internal.operations.DefaultBuildOperationRunner$1.execute(DefaultBuildOperationRunner.java:29)
	at org.gradle.internal.operations.DefaultBuildOperationRunner$1.execute(DefaultBuildOperationRunner.java:26)
	at org.gradle.internal.operations.DefaultBuildOperationRunner$2.execute(DefaultBuildOperationRunner.java:66)
	at org.gradle.internal.operations.DefaultBuildOperationRunner$2.execute(DefaultBuildOperationRunner.java:59)
	at org.gradle.internal.operations.DefaultBuildOperationRunner.execute(DefaultBuildOperationRunner.java:157)
	at org.gradle.internal.operations.DefaultBuildOperationRunner.execute(DefaultBuildOperationRunner.java:59)
	at org.gradle.internal.operations.DefaultBuildOperationRunner.run(DefaultBuildOperationRunner.java:47)
	at org.gradle.internal.operations.DefaultBuildOperationExecutor.run(DefaultBuildOperationExecutor.java:73)
	at org.gradle.configuration.BuildOperationFiringProjectsPreparer.prepareProjects(BuildOperationFiringProjectsPreparer.java:40)
	at org.gradle.initialization.VintageBuildModelController.lambda$prepareProjects$2(VintageBuildModelController.java:84)
	at org.gradle.internal.model.StateTransitionController.lambda$doTransition$14(StateTransitionController.java:255)
	at org.gradle.internal.model.StateTransitionController.doTransition(StateTransitionController.java:266)
	at org.gradle.internal.model.StateTransitionController.doTransition(StateTransitionController.java:254)
	at org.gradle.internal.model.StateTransitionController.lambda$transitionIfNotPreviously$11(StateTransitionController.java:213)
	at org.gradle.internal.work.DefaultSynchronizer.withLock(DefaultSynchronizer.java:34)
	at org.gradle.internal.model.StateTransitionController.transitionIfNotPreviously(StateTransitionController.java:209)
	at org.gradle.initialization.VintageBuildModelController.prepareProjects(VintageBuildModelController.java:84)
	at org.gradle.initialization.VintageBuildModelController.getConfiguredModel(VintageBuildModelController.java:64)
	at org.gradle.internal.build.DefaultBuildLifecycleController.lambda$withProjectsConfigured$1(DefaultBuildLifecycleController.java:133)
	at org.gradle.internal.model.StateTransitionController.lambda$notInState$3(StateTransitionController.java:132)
	at org.gradle.internal.work.DefaultSynchronizer.withLock(DefaultSynchronizer.java:44)
	at org.gradle.internal.model.StateTransitionController.notInState(StateTransitionController.java:128)
	at org.gradle.internal.build.DefaultBuildLifecycleController.withProjectsConfigured(DefaultBuildLifecycleController.java:133)
	at org.gradle.internal.build.DefaultBuildToolingModelController.locateBuilderForTarget(DefaultBuildToolingModelController.java:57)
	at org.gradle.internal.buildtree.DefaultBuildTreeModelCreator$DefaultBuildTreeModelController.lambda$locateBuilderForTarget$0(DefaultBuildTreeModelCreator.java:73)
	at org.gradle.internal.build.DefaultBuildLifecycleController.withToolingModels(DefaultBuildLifecycleController.java:327)
	at org.gradle.internal.build.AbstractBuildState.withToolingModels(AbstractBuildState.java:140)
	at org.gradle.internal.buildtree.DefaultBuildTreeModelCreator$DefaultBuildTreeModelController.locateBuilderForTarget(DefaultBuildTreeModelCreator.java:73)
	at org.gradle.internal.buildtree.DefaultBuildTreeModelCreator$DefaultBuildTreeModelController.locateBuilderForDefaultTarget(DefaultBuildTreeModelCreator.java:68)
	at org.gradle.tooling.internal.provider.runner.DefaultBuildController.getTarget(DefaultBuildController.java:157)
	at org.gradle.tooling.internal.provider.runner.DefaultBuildController.getModel(DefaultBuildController.java:101)
	at org.gradle.tooling.internal.consumer.connection.ParameterAwareBuildControllerAdapter.getModel(ParameterAwareBuildControllerAdapter.java:39)
	at org.gradle.tooling.internal.consumer.connection.UnparameterizedBuildController.getModel(UnparameterizedBuildController.java:113)
	at org.gradle.tooling.internal.consumer.connection.NestedActionAwareBuildControllerAdapter.getModel(NestedActionAwareBuildControllerAdapter.java:31)
	at org.gradle.tooling.internal.consumer.connection.UnparameterizedBuildController.findModel(UnparameterizedBuildController.java:97)
	at org.gradle.tooling.internal.consumer.connection.NestedActionAwareBuildControllerAdapter.findModel(NestedActionAwareBuildControllerAdapter.java:31)
	at org.gradle.tooling.internal.consumer.connection.UnparameterizedBuildController.findModel(UnparameterizedBuildController.java:81)
	at org.gradle.tooling.internal.consumer.connection.NestedActionAwareBuildControllerAdapter.findModel(NestedActionAwareBuildControllerAdapter.java:31)
	at org.gradle.tooling.internal.consumer.connection.UnparameterizedBuildController.findModel(UnparameterizedBuildController.java:66)
	at org.gradle.tooling.internal.consumer.connection.NestedActionAwareBuildControllerAdapter.findModel(NestedActionAwareBuildControllerAdapter.java:31)
	at org.jetbrains.plugins.gradle.model.ProjectImportAction.execute(ProjectImportAction.java:126)
	at org.jetbrains.plugins.gradle.model.ProjectImportAction.execute(ProjectImportAction.java:43)
	at org.gradle.tooling.internal.consumer.connection.InternalBuildActionAdapter.execute(InternalBuildActionAdapter.java:64)
	at org.gradle.tooling.internal.provider.runner.AbstractClientProvidedBuildActionRunner$ActionAdapter.runAction(AbstractClientProvidedBuildActionRunner.java:131)
	at org.gradle.tooling.internal.provider.runner.AbstractClientProvidedBuildActionRunner$ActionAdapter.beforeTasks(AbstractClientProvidedBuildActionRunner.java:99)
	at org.gradle.internal.buildtree.DefaultBuildTreeModelCreator.beforeTasks(DefaultBuildTreeModelCreator.java:52)
	at org.gradle.internal.buildtree.DefaultBuildTreeLifecycleController.lambda$fromBuildModel$2(DefaultBuildTreeLifecycleController.java:74)
	at org.gradle.internal.buildtree.DefaultBuildTreeLifecycleController.lambda$runBuild$4(DefaultBuildTreeLifecycleController.java:98)
	at org.gradle.internal.model.StateTransitionController.lambda$transition$6(StateTransitionController.java:169)
	at org.gradle.internal.model.StateTransitionController.doTransition(StateTransitionController.java:266)
	at org.gradle.internal.model.StateTransitionController.lambda$transition$7(StateTransitionController.java:169)
	at org.gradle.internal.work.DefaultSynchronizer.withLock(DefaultSynchronizer.java:44)
	at org.gradle.internal.model.StateTransitionController.transition(StateTransitionController.java:169)
	at org.gradle.internal.buildtree.DefaultBuildTreeLifecycleController.runBuild(DefaultBuildTreeLifecycleController.java:95)
	at org.gradle.internal.buildtree.DefaultBuildTreeLifecycleController.fromBuildModel(DefaultBuildTreeLifecycleController.java:73)
	at org.gradle.tooling.internal.provider.runner.AbstractClientProvidedBuildActionRunner.runClientAction(AbstractClientProvidedBuildActionRunner.java:43)
	at org.gradle.tooling.internal.provider.runner.ClientProvidedPhasedActionRunner.run(ClientProvidedPhasedActionRunner.java:53)
	at org.gradle.launcher.exec.ChainingBuildActionRunner.run(ChainingBuildActionRunner.java:35)
	at org.gradle.internal.buildtree.ProblemReportingBuildActionRunner.run(ProblemReportingBuildActionRunner.java:49)
	at org.gradle.launcher.exec.BuildOutcomeReportingBuildActionRunner.run(BuildOutcomeReportingBuildActionRunner.java:65)
	at org.gradle.tooling.internal.provider.FileSystemWatchingBuildActionRunner.run(FileSystemWatchingBuildActionRunner.java:140)
	at org.gradle.launcher.exec.BuildCompletionNotifyingBuildActionRunner.run(BuildCompletionNotifyingBuildActionRunner.java:41)
	at org.gradle.launcher.exec.RootBuildLifecycleBuildActionExecutor.lambda$execute$0(RootBuildLifecycleBuildActionExecutor.java:40)
	at org.gradle.composite.internal.DefaultRootBuildState.run(DefaultRootBuildState.java:123)
	at org.gradle.launcher.exec.RootBuildLifecycleBuildActionExecutor.execute(RootBuildLifecycleBuildActionExecutor.java:40)
	at org.gradle.internal.buildtree.InitDeprecationLoggingActionExecutor.execute(InitDeprecationLoggingActionExecutor.java:62)
	at org.gradle.internal.buildtree.InitProblems.execute(InitProblems.java:38)
	at org.gradle.internal.buildtree.DefaultBuildTreeContext.execute(DefaultBuildTreeContext.java:40)
	at org.gradle.launcher.exec.BuildTreeLifecycleBuildActionExecutor.lambda$execute$0(BuildTreeLifecycleBuildActionExecutor.java:65)
	at org.gradle.internal.buildtree.BuildTreeState.run(BuildTreeState.java:58)
	at org.gradle.launcher.exec.BuildTreeLifecycleBuildActionExecutor.execute(BuildTreeLifecycleBuildActionExecutor.java:65)
	at org.gradle.launcher.exec.RunAsBuildOperationBuildActionExecutor$3.call(RunAsBuildOperationBuildActionExecutor.java:61)
	at org.gradle.launcher.exec.RunAsBuildOperationBuildActionExecutor$3.call(RunAsBuildOperationBuildActionExecutor.java:57)
	at org.gradle.internal.operations.DefaultBuildOperationRunner$CallableBuildOperationWorker.execute(DefaultBuildOperationRunner.java:204)
	at org.gradle.internal.operations.DefaultBuildOperationRunner$CallableBuildOperationWorker.execute(DefaultBuildOperationRunner.java:199)
	at org.gradle.internal.operations.DefaultBuildOperationRunner$2.execute(DefaultBuildOperationRunner.java:66)
	at org.gradle.internal.operations.DefaultBuildOperationRunner$2.execute(DefaultBuildOperationRunner.java:59)
	at org.gradle.internal.operations.DefaultBuildOperationRunner.execute(DefaultBuildOperationRunner.java:157)
	at org.gradle.internal.operations.DefaultBuildOperationRunner.execute(DefaultBuildOperationRunner.java:59)
	at org.gradle.internal.operations.DefaultBuildOperationRunner.call(DefaultBuildOperationRunner.java:53)
	at org.gradle.internal.operations.DefaultBuildOperationExecutor.call(DefaultBuildOperationExecutor.java:78)
	at org.gradle.launcher.exec.RunAsBuildOperationBuildActionExecutor.execute(RunAsBuildOperationBuildActionExecutor.java:57)
	at org.gradle.launcher.exec.RunAsWorkerThreadBuildActionExecutor.lambda$execute$0(RunAsWorkerThreadBuildActionExecutor.java:36)
	at org.gradle.internal.work.DefaultWorkerLeaseService.withLocks(DefaultWorkerLeaseService.java:264)
	at org.gradle.internal.work.DefaultWorkerLeaseService.runAsWorkerThread(DefaultWorkerLeaseService.java:128)
	at org.gradle.launcher.exec.RunAsWorkerThreadBuildActionExecutor.execute(RunAsWorkerThreadBuildActionExecutor.java:36)
	at org.gradle.tooling.internal.provider.continuous.ContinuousBuildActionExecutor.execute(ContinuousBuildActionExecutor.java:110)
	at org.gradle.tooling.internal.provider.SubscribableBuildActionExecutor.execute(SubscribableBuildActionExecutor.java:64)
	at org.gradle.internal.session.DefaultBuildSessionContext.execute(DefaultBuildSessionContext.java:46)
	at org.gradle.tooling.internal.provider.BuildSessionLifecycleBuildActionExecuter$ActionImpl.apply(BuildSessionLifecycleBuildActionExecuter.java:92)
	at org.gradle.tooling.internal.provider.BuildSessionLifecycleBuildActionExecuter$ActionImpl.apply(BuildSessionLifecycleBuildActionExecuter.java:80)
	at org.gradle.internal.session.BuildSessionState.run(BuildSessionState.java:69)
	at org.gradle.tooling.internal.provider.BuildSessionLifecycleBuildActionExecuter.execute(BuildSessionLifecycleBuildActionExecuter.java:62)
	at org.gradle.tooling.internal.provider.BuildSessionLifecycleBuildActionExecuter.execute(BuildSessionLifecycleBuildActionExecuter.java:41)
	at org.gradle.tooling.internal.provider.StartParamsValidatingActionExecuter.execute(StartParamsValidatingActionExecuter.java:64)
	at org.gradle.tooling.internal.provider.StartParamsValidatingActionExecuter.execute(StartParamsValidatingActionExecuter.java:32)
	at org.gradle.tooling.internal.provider.SessionFailureReportingActionExecuter.execute(SessionFailureReportingActionExecuter.java:51)
	at org.gradle.tooling.internal.provider.SessionFailureReportingActionExecuter.execute(SessionFailureReportingActionExecuter.java:39)
	at org.gradle.tooling.internal.provider.SetupLoggingActionExecuter.execute(SetupLoggingActionExecuter.java:47)
	at org.gradle.tooling.internal.provider.SetupLoggingActionExecuter.execute(SetupLoggingActionExecuter.java:31)
	at org.gradle.launcher.daemon.server.exec.ExecuteBuild.doBuild(ExecuteBuild.java:65)
	at org.gradle.launcher.daemon.server.exec.BuildCommandOnly.execute(BuildCommandOnly.java:37)
	at org.gradle.launcher.daemon.server.api.DaemonCommandExecution.proceed(DaemonCommandExecution.java:104)
	at org.gradle.launcher.daemon.server.exec.WatchForDisconnection.execute(WatchForDisconnection.java:39)
	at org.gradle.launcher.daemon.server.api.DaemonCommandExecution.proceed(DaemonCommandExecution.java:104)
	at org.gradle.launcher.daemon.server.exec.ResetDeprecationLogger.execute(ResetDeprecationLogger.java:29)
	at org.gradle.launcher.daemon.server.api.DaemonCommandExecution.proceed(DaemonCommandExecution.java:104)
	at org.gradle.launcher.daemon.server.exec.RequestStopIfSingleUsedDaemon.execute(RequestStopIfSingleUsedDaemon.java:35)
	at org.gradle.launcher.daemon.server.api.DaemonCommandExecution.proceed(DaemonCommandExecution.java:104)
	at org.gradle.launcher.daemon.server.exec.ForwardClientInput$2.create(ForwardClientInput.java:78)
	at org.gradle.launcher.daemon.server.exec.ForwardClientInput$2.create(ForwardClientInput.java:75)
	at org.gradle.util.internal.Swapper.swap(Swapper.java:38)
	at org.gradle.launcher.daemon.server.exec.ForwardClientInput.execute(ForwardClientInput.java:75)
	at org.gradle.launcher.daemon.server.api.DaemonCommandExecution.proceed(DaemonCommandExecution.java:104)
	at org.gradle.launcher.daemon.server.exec.LogAndCheckHealth.execute(LogAndCheckHealth.java:64)
	at org.gradle.launcher.daemon.server.api.DaemonCommandExecution.proceed(DaemonCommandExecution.java:104)
	at org.gradle.launcher.daemon.server.exec.LogToClient.doBuild(LogToClient.java:63)
	at org.gradle.launcher.daemon.server.exec.BuildCommandOnly.execute(BuildCommandOnly.java:37)
	at org.gradle.launcher.daemon.server.api.DaemonCommandExecution.proceed(DaemonCommandExecution.java:104)
	at org.gradle.launcher.daemon.server.exec.EstablishBuildEnvironment.doBuild(EstablishBuildEnvironment.java:84)
	at org.gradle.launcher.daemon.server.exec.BuildCommandOnly.execute(BuildCommandOnly.java:37)
	at org.gradle.launcher.daemon.server.api.DaemonCommandExecution.proceed(DaemonCommandExecution.java:104)
	at org.gradle.launcher.daemon.server.exec.StartBuildOrRespondWithBusy$1.run(StartBuildOrRespondWithBusy.java:52)
	at org.gradle.launcher.daemon.server.DaemonStateCoordinator$1.run(DaemonStateCoordinator.java:297)
	at org.gradle.internal.concurrent.ExecutorPolicy$CatchAndRecordFailures.onExecute(ExecutorPolicy.java:64)
	at org.gradle.internal.concurrent.AbstractManagedExecutor$1.run(AbstractManagedExecutor.java:47)

2024-04-23 22:45:34,595 [ 204664]   INFO - #o.j.p.g.GradleManager - Instructing gradle to use java from C:\Program Files\Android\Android Studio\jbr
2024-04-23 22:45:34,607 [ 204676]   INFO - #o.j.k.i.g.s.r.GradleBuildRootIndex - D:/APK/expirationdates: org.jetbrains.kotlin.idea.gradleJava.scripting.roots.Imported@52563f0 -> org.jetbrains.kotlin.idea.gradleJava.scripting.roots.Imported@47967219
2024-04-23 22:45:34,608 [ 204677]   INFO - #c.i.o.e.u.ExternalSystemUtil - External project [D:/APK/expirationdates] resolution task executed in 529 ms.
2024-04-23 22:45:34,611 [ 204680]   INFO - #c.i.o.p.MergingQueueGuiExecutor - Running task: (dumb mode task) com.android.tools.idea.res.AndroidProjectRootListener$MyDumbModeTask@4d87defa
2024-04-23 22:45:34,612 [ 204681]   INFO - #c.i.o.p.DumbServiceMergingTaskQueue - Initializing DumbServiceMergingTaskQueue...
2024-04-23 22:45:34,612 [ 204681]   INFO - #c.i.o.p.MergingQueueGuiExecutor - Task finished: (dumb mode task) com.android.tools.idea.res.AndroidProjectRootListener$MyDumbModeTask@4d87defa
2024-04-23 22:45:34,624 [ 204693]   INFO - #com.google.services.firebase.insights.config.FirebaseAppManager - New app states on sync FAILURE: {Module: 'expirationdates.app.main'=FirebaseApp(connections=[CrashlyticsVariantConnection(connection=CrashlyticsConnection(appId=PLACEHOLDER, mobileSdkAppId=, projectId=, projectNumber=), variantData=VariantData(module=Module: 'expirationdates.app.main', variantName=All), isConfigured=false)]), Module: 'expirationdates.app'=FirebaseApp(connections=[CrashlyticsVariantConnection(connection=CrashlyticsConnection(appId=PLACEHOLDER, mobileSdkAppId=, projectId=, projectNumber=), variantData=VariantData(module=Module: 'expirationdates.app', variantName=All), isConfigured=false)]), Module: 'expirationdates.app.androidTest'=FirebaseApp(connections=[CrashlyticsVariantConnection(connection=CrashlyticsConnection(appId=PLACEHOLDER, mobileSdkAppId=, projectId=, projectNumber=), variantData=VariantData(module=Module: 'expirationdates.app.androidTest', variantName=All), isConfigured=false)]), Module: 'expirationdates.app.unitTest'=FirebaseApp(connections=[CrashlyticsVariantConnection(connection=CrashlyticsConnection(appId=PLACEHOLDER, mobileSdkAppId=, projectId=, projectNumber=), variantData=VariantData(module=Module: 'expirationdates.app.unitTest', variantName=All), isConfigured=false)])}.
2024-04-23 22:45:34,625 [ 204694]   INFO - #o.j.p.g.GradleManager - Instructing gradle to use java from C:\Program Files\Android\Android Studio\jbr
2024-04-23 22:45:34,675 [ 204744]   INFO - #o.j.p.g.GradleManager - Instructing gradle to use java from C:\Program Files\Android\Android Studio\jbr
2024-04-23 22:45:34,739 [ 204808]   INFO - #o.j.p.g.GradleManager - Instructing gradle to use java from C:\Program Files\Android\Android Studio\jbr
2024-04-23 22:45:34,874 [ 204943]   INFO - #com.android.tools.idea.vitals.ui.VitalsConfigurationManager - Accessible Android Vitals connections: []
2024-04-23 22:45:34,927 [ 204996]   INFO - #c.i.w.i.i.j.s.JpsGlobalModelSynchronizerImpl - Saving global entities to files
2024-04-23 22:45:34,995 [ 205064]   INFO - #c.i.o.e.s.p.m.ExternalProjectsDataStorage - Save external projects data in 38 ms
2024-04-23 22:45:35,081 [ 205150]   INFO - #com.android.tools.idea.insights.events.actions.ActionDispatcher - Dispatching actions CancelFetches
2024-04-23 22:45:36,693 [ 206762]   INFO - #c.i.w.i.i.j.s.JpsGlobalModelSynchronizerImpl - Saving global entities to files
2024-04-23 22:45:36,719 [ 206788]   INFO - #c.i.c.ComponentStoreImpl - Saving appFileTypeManager took 15 ms
2024-04-23 22:45:36,778 [ 206847]   INFO - #c.i.c.ComponentStoreImpl - Saving Project(name=expirationdates, containerState=COMPONENT_CREATED, componentStore=D:\APK\expirationdates)Kotlin2JvmCompilerArguments took 32 ms
2024-04-23 22:47:13,769 [ 303838]   WARN - #com.android.tools.idea.analytics.SystemInfoStatsMonitor - CpuInfoFlags.fromExitCode(): unknown flag values '0x80'
